time="2023-01-07T19:02:38+02:00" level=info msg="Logger work" func="main.main()" file="app.go:16"
time="2023-01-07T19:02:38+02:00" level=info msg="Register user handler" func="main.main()" file="app.go:18"
time="2023-01-07T19:02:38+02:00" level=info msg="Start application" func="main.start()" file="app.go:26"
time="2023-01-07T19:02:38+02:00" level=info msg="Server is listering port 0.0.0.0:1234" func="main.start()" file="app.go:36"
time="2023-01-07T19:03:11+02:00" level=info msg="Logger work" func="main.main()" file="app.go:16"
time="2023-01-07T19:03:11+02:00" level=info msg="Register user handler" func="main.main()" file="app.go:18"
time="2023-01-07T19:03:11+02:00" level=info msg="Start application" func="main.start()" file="app.go:26"
time="2023-01-07T19:03:11+02:00" level=info msg="Server is listering port 0.0.0.0:1234" func="main.start()" file="app.go:36"
time="2023-01-07T19:03:34+02:00" level=info msg="Logger work" func="main.main()" file="app.go:16"
time="2023-01-07T19:03:34+02:00" level=info msg="Register user handler" func="main.main()" file="app.go:18"
time="2023-01-07T19:03:34+02:00" level=info msg="Start application" func="main.start()" file="app.go:26"
time="2023-01-07T19:03:34+02:00" level=info msg="Server is listering port 0.0.0.0:1234" func="main.start()" file="app.go:36"
time="2023-01-07T20:56:44+02:00" level=info msg="Logger work" func="main.main()" file="app.go:21"
time="2023-01-07T20:56:44+02:00" level=info msg="Read application configuration" func="github.com/OlegKapat/Rest-api-mongo/internal/config.GetConfig.func1()" file="config.go:24"
time="2023-01-07T20:56:44+02:00" level=info func="github.com/OlegKapat/Rest-api-mongo/internal/config.GetConfig.func1()" file="config.go:28"
time="2023-01-07T20:56:44+02:00" level=fatal msg="config file parsing error: yaml: unmarshal errors:\n  line 5: cannot unmarshal !!str `type:po...` into struct { Type string \"yaml:\\\"type\\\" env-default:\\\"port\\\"\"; BindIp string \"yaml:\\\"bind_ip\\\" env-default:\\\"127.0.0.1\\\"\"; Port string \"yaml:\\\"port\\\" env-default:\\\"8080\\\"\" }" func="github.com/OlegKapat/Rest-api-mongo/internal/config.GetConfig.func1()" file="config.go:29"
time="2023-01-07T21:00:38+02:00" level=info msg="Logger work" func="main.main()" file="app.go:21"
time="2023-01-07T21:00:38+02:00" level=info msg="Read application configuration" func="github.com/OlegKapat/Rest-api-mongo/internal/config.GetConfig.func1()" file="config.go:24"
time="2023-01-07T21:00:38+02:00" level=info func="github.com/OlegKapat/Rest-api-mongo/internal/config.GetConfig.func1()" file="config.go:28"
time="2023-01-07T21:00:38+02:00" level=fatal msg="config file parsing error: yaml: unmarshal errors:\n  line 5: cannot unmarshal !!str `type:po...` into struct { Type string \"yaml:\\\"type\\\" env-default:\\\"type\\\"\"; BindIp string \"yaml:\\\"bind_ip\\\" env-default:\\\"127.0.0.1\\\"\"; Port string \"yaml:\\\"port\\\" env-default:\\\"8080\\\"\" }" func="github.com/OlegKapat/Rest-api-mongo/internal/config.GetConfig.func1()" file="config.go:29"
time="2023-01-07T21:01:38+02:00" level=info msg="Logger work" func="main.main()" file="app.go:21"
time="2023-01-07T21:01:38+02:00" level=info msg="Read application configuration" func="github.com/OlegKapat/Rest-api-mongo/internal/config.GetConfig.func1()" file="config.go:24"
time="2023-01-07T21:01:38+02:00" level=info func="github.com/OlegKapat/Rest-api-mongo/internal/config.GetConfig.func1()" file="config.go:28"
time="2023-01-07T21:01:38+02:00" level=fatal msg="config file parsing error: yaml: unmarshal errors:\n  line 5: cannot unmarshal !!str `type:po...` into struct { Type string \"yaml:\\\"type\\\"\"; BindIp string \"yaml:\\\"bind_ip\\\" \"; Port string \"yaml:\\\"port\\\" \" }" func="github.com/OlegKapat/Rest-api-mongo/internal/config.GetConfig.func1()" file="config.go:29"
time="2023-01-07T21:05:42+02:00" level=info msg="Logger work" func="main.main()" file="app.go:21"
time="2023-01-07T21:05:42+02:00" level=info msg="Read application configuration" func="github.com/OlegKapat/Rest-api-mongo/internal/config.GetConfig.func1()" file="config.go:24"
time="2023-01-07T21:05:42+02:00" level=info func="github.com/OlegKapat/Rest-api-mongo/internal/config.GetConfig.func1()" file="config.go:28"
time="2023-01-07T21:05:42+02:00" level=info msg="Register user handler" func="main.main()" file="app.go:25"
time="2023-01-07T21:05:42+02:00" level=info msg="Start application" func="main.start()" file="app.go:33"
time="2023-01-07T21:05:42+02:00" level=info msg="listen tcp port" func="main.start()" file="app.go:48"
time="2023-01-07T21:05:42+02:00" level=info msg="Server is listering port :" func="main.start()" file="app.go:60"
time="2023-01-07T21:07:49+02:00" level=info msg="Logger work" func="main.main()" file="app.go:21"
time="2023-01-07T21:07:49+02:00" level=info msg="Read application configuration" func="github.com/OlegKapat/Rest-api-mongo/internal/config.GetConfig.func1()" file="config.go:24"
time="2023-01-07T21:07:49+02:00" level=info func="github.com/OlegKapat/Rest-api-mongo/internal/config.GetConfig.func1()" file="config.go:28"
time="2023-01-07T21:07:49+02:00" level=fatal msg="config file parsing error: yaml: unmarshal errors:\n  line 5: cannot unmarshal !!str `type:po...` into struct { Type string \"yaml:\\\"type\\\" env-default:\\\"port\\\"\"; BindIp string \"yaml:\\\"bind_ip\\\" env-default:\\\"127.0.0.1\\\"\"; Port string \"yaml:\\\"port\\\" env-default:\\\"8080\\\"\" }" func="github.com/OlegKapat/Rest-api-mongo/internal/config.GetConfig.func1()" file="config.go:29"
time="2023-01-07T21:14:52+02:00" level=info msg="Logger work" func="main.main()" file="app.go:21"
time="2023-01-07T21:14:52+02:00" level=info msg="Read application configuration" func="github.com/OlegKapat/Rest-api-mongo/internal/config.GetConfig.func1()" file="config.go:24"
time="2023-01-07T21:14:52+02:00" level=info func="github.com/OlegKapat/Rest-api-mongo/internal/config.GetConfig.func1()" file="config.go:28"
time="2023-01-07T21:14:52+02:00" level=fatal msg="config file parsing error: yaml: unmarshal errors:\n  line 5: cannot unmarshal !!str `type:po...` into struct { Type string \"yaml:\\\"type\\\" env-default:\\\"port\\\"\"; BindIp string \"yaml:\\\"bind_ip\\\" env-default:\\\"127.0.0.1\\\"\"; Port string \"yaml:\\\"port\\\" env-default:\\\"8080\\\"\" }" func="github.com/OlegKapat/Rest-api-mongo/internal/config.GetConfig.func1()" file="config.go:29"
time="2023-01-07T21:15:28+02:00" level=info msg="Logger work" func="main.main()" file="app.go:20"
time="2023-01-07T21:15:28+02:00" level=info msg="Read application configuration" func="github.com/OlegKapat/Rest-api-mongo/internal/config.GetConfig.func1()" file="config.go:24"
time="2023-01-07T21:15:28+02:00" level=info func="github.com/OlegKapat/Rest-api-mongo/internal/config.GetConfig.func1()" file="config.go:28"
time="2023-01-07T21:15:28+02:00" level=fatal msg="config file parsing error: yaml: unmarshal errors:\n  line 5: cannot unmarshal !!str `type:po...` into struct { Type string \"yaml:\\\"type\\\" env-default:\\\"port\\\"\"; BindIp string \"yaml:\\\"bind_ip\\\" env-default:\\\"127.0.0.1\\\"\"; Port string \"yaml:\\\"port\\\" env-default:\\\"8080\\\"\" }" func="github.com/OlegKapat/Rest-api-mongo/internal/config.GetConfig.func1()" file="config.go:29"
time="2023-01-07T21:19:07+02:00" level=info msg="Logger work" func="main.main()" file="app.go:21"
time="2023-01-07T21:19:07+02:00" level=info msg="Read application configuration" func="github.com/OlegKapat/Rest-api-mongo/internal/config.GetConfig.func1()" file="config.go:24"
time="2023-01-07T21:19:07+02:00" level=info func="github.com/OlegKapat/Rest-api-mongo/internal/config.GetConfig.func1()" file="config.go:28"
time="2023-01-07T21:19:07+02:00" level=fatal msg="config file parsing error: yaml: unmarshal errors:\n  line 5: cannot unmarshal !!str `type:po...` into struct { Type string \"yaml:\\\"type\\\" env-default:\\\"port\\\"\"; BindIp string \"yaml:\\\"bind_ip\\\" env-default:\\\"127.0.0.1\\\"\"; Port string \"yaml:\\\"port\\\" env-default:\\\"8080\\\"\" }" func="github.com/OlegKapat/Rest-api-mongo/internal/config.GetConfig.func1()" file="config.go:29"
time="2023-01-07T21:31:33+02:00" level=info msg="Logger work" func="main.main()" file="app.go:21"
time="2023-01-07T21:31:33+02:00" level=info msg="Read application configuration" func="github.com/OlegKapat/Rest-api-mongo/internal/config.GetConfig.func1()" file="config.go:24"
time="2023-01-07T21:31:33+02:00" level=info func="github.com/OlegKapat/Rest-api-mongo/internal/config.GetConfig.func1()" file="config.go:28"
time="2023-01-07T21:31:33+02:00" level=fatal msg="config file parsing error: yaml: unmarshal errors:\n  line 5: cannot unmarshal !!str `type:po...` into struct { Type string \"yaml:\\\"type\\\" env-default:\\\"port\\\"\"; BindIP string \"yaml:\\\"bind_ip\\\" env-default:\\\"127.0.0.1\\\"\"; Port string \"yaml:\\\"port\\\" env-default:\\\"8080\\\"\" }" func="github.com/OlegKapat/Rest-api-mongo/internal/config.GetConfig.func1()" file="config.go:29"
time="2023-01-07T21:32:37+02:00" level=info msg="Logger work" func="main.main()" file="app.go:21"
time="2023-01-07T21:32:37+02:00" level=info msg="read application configuration" func="github.com/OlegKapat/Rest-api-mongo/internal/config.GetConfig.func1()" file="config.go:24"
time="2023-01-07T21:32:37+02:00" level=info func="github.com/OlegKapat/Rest-api-mongo/internal/config.GetConfig.func1()" file="config.go:28"
time="2023-01-07T21:32:37+02:00" level=fatal msg="config file parsing error: yaml: unmarshal errors:\n  line 5: cannot unmarshal !!str `type:po...` into struct { Type string \"yaml:\\\"type\\\" env-default:\\\"port\\\"\"; BindIP string \"yaml:\\\"bind_ip\\\" env-default:\\\"127.0.0.1\\\"\"; Port string \"yaml:\\\"port\\\" env-default:\\\"8080\\\"\" }" func="github.com/OlegKapat/Rest-api-mongo/internal/config.GetConfig.func1()" file="config.go:29"
time="2023-01-07T21:32:53+02:00" level=info msg="Logger work" func="main.main()" file="app.go:21"
time="2023-01-07T21:32:53+02:00" level=info msg="read application configuration" func="github.com/OlegKapat/Rest-api-mongo/internal/config.GetConfig.func1()" file="config.go:24"
time="2023-01-07T21:32:53+02:00" level=info func="github.com/OlegKapat/Rest-api-mongo/internal/config.GetConfig.func1()" file="config.go:28"
time="2023-01-07T21:32:53+02:00" level=info msg="Register user handler" func="main.main()" file="app.go:25"
time="2023-01-07T21:32:53+02:00" level=info msg="Start application" func="main.start()" file="app.go:33"
time="2023-01-07T21:32:53+02:00" level=info msg="listen tcp port" func="main.start()" file="app.go:51"
time="2023-01-07T21:32:53+02:00" level=info msg="Server is listering port :" func="main.start()" file="app.go:53"
time="2023-01-07T21:33:25+02:00" level=info msg="Logger work" func="main.main()" file="app.go:21"
time="2023-01-07T21:33:25+02:00" level=info msg="Read application configuration" func="github.com/OlegKapat/Rest-api-mongo/internal/config.GetConfig.func1()" file="config.go:24"
time="2023-01-07T21:33:25+02:00" level=info func="github.com/OlegKapat/Rest-api-mongo/internal/config.GetConfig.func1()" file="config.go:28"
time="2023-01-07T21:33:25+02:00" level=fatal msg="config file parsing error: yaml: unmarshal errors:\n  line 5: cannot unmarshal !!str `type:po...` into struct { Type string \"yaml:\\\"type\\\" env-default:\\\"port\\\"\"; BindIP string \"yaml:\\\"bind_ip\\\" env-default:\\\"127.0.0.1\\\"\"; Port string \"yaml:\\\"port\\\" env-default:\\\"8080\\\"\" }" func="github.com/OlegKapat/Rest-api-mongo/internal/config.GetConfig.func1()" file="config.go:29"
time="2023-01-07T21:35:38+02:00" level=info msg="Logger work" func="main.main()" file="app.go:21"
time="2023-01-07T21:35:38+02:00" level=info msg="Read application configuration" func="github.com/OlegKapat/Rest-api-mongo/internal/config.GetConfig.func1()" file="config.go:24"
time="2023-01-07T21:35:38+02:00" level=info func="github.com/OlegKapat/Rest-api-mongo/internal/config.GetConfig.func1()" file="config.go:28"
time="2023-01-07T21:35:38+02:00" level=fatal msg="config file parsing error: yaml: unmarshal errors:\n  line 5: cannot unmarshal !!str `type:po...` into struct { Type string \"yaml:\\\"type\\\" env-default:\\\"port\\\"\"; BindIP string \"yaml:\\\"bind_ip\\\" env-default:\\\"127.0.0.1\\\"\"; Port string \"yaml:\\\"port\\\" env-default:\\\"8080\\\"\" }" func="github.com/OlegKapat/Rest-api-mongo/internal/config.GetConfig.func1()" file="config.go:29"
time="2023-01-07T21:37:24+02:00" level=info msg="Logger work" func="main.main()" file="app.go:21"
time="2023-01-07T21:37:24+02:00" level=info msg="Read application configuration" func="github.com/OlegKapat/Rest-api-mongo/internal/config.GetConfig.func1()" file="config.go:24"
time="2023-01-07T21:37:24+02:00" level=info func="github.com/OlegKapat/Rest-api-mongo/internal/config.GetConfig.func1()" file="config.go:28"
time="2023-01-07T21:37:24+02:00" level=fatal msg="open aaa: The system cannot find the file specified." func="github.com/OlegKapat/Rest-api-mongo/internal/config.GetConfig.func1()" file="config.go:29"
time="2023-01-07T21:37:39+02:00" level=info msg="Logger work" func="main.main()" file="app.go:21"
time="2023-01-07T21:37:39+02:00" level=info msg="Read application configuration" func="github.com/OlegKapat/Rest-api-mongo/internal/config.GetConfig.func1()" file="config.go:24"
time="2023-01-07T21:37:39+02:00" level=info func="github.com/OlegKapat/Rest-api-mongo/internal/config.GetConfig.func1()" file="config.go:28"
time="2023-01-07T21:37:39+02:00" level=fatal msg="config file parsing error: yaml: unmarshal errors:\n  line 5: cannot unmarshal !!str `type:po...` into struct { Type string \"yaml:\\\"type\\\" env-default:\\\"port\\\"\"; BindIP string \"yaml:\\\"bind_ip\\\" env-default:\\\"127.0.0.1\\\"\"; Port string \"yaml:\\\"port\\\" env-default:\\\"8080\\\"\" }" func="github.com/OlegKapat/Rest-api-mongo/internal/config.GetConfig.func1()" file="config.go:29"
time="2023-01-10T17:53:58+02:00" level=info msg="Logger work" func="main.main()" file="app.go:21"
time="2023-01-10T17:53:58+02:00" level=info msg="Read application configuration" func="github.com/OlegKapat/Rest-api-mongo/internal/config.GetConfig.func1()" file="config.go:24"
time="2023-01-10T17:53:58+02:00" level=info func="github.com/OlegKapat/Rest-api-mongo/internal/config.GetConfig.func1()" file="config.go:28"
time="2023-01-10T17:53:58+02:00" level=fatal msg="config file parsing error: yaml: unmarshal errors:\n  line 5: cannot unmarshal !!str `type:po...` into struct { Type string \"yaml:\\\"type\\\" env-default:\\\"port\\\"\"; BindIP string \"yaml:\\\"bind_ip\\\" env-default:\\\"127.0.0.1\\\"\"; Port string \"yaml:\\\"port\\\" env-default:\\\"8080\\\"\" }" func="github.com/OlegKapat/Rest-api-mongo/internal/config.GetConfig.func1()" file="config.go:29"
time="2023-01-10T18:09:04+02:00" level=info msg="Logger work" func="main.main()" file="app.go:21"
time="2023-01-10T18:09:04+02:00" level=info msg="Read application configuration" func="github.com/OlegKapat/Rest-api-mongo/internal/config.GetConfig.func1()" file="config.go:24"
time="2023-01-10T18:09:04+02:00" level=info func="github.com/OlegKapat/Rest-api-mongo/internal/config.GetConfig.func1()" file="config.go:28"
time="2023-01-10T18:09:04+02:00" level=info msg="Register user handler" func="main.main()" file="app.go:25"
time="2023-01-10T18:09:04+02:00" level=info msg="Start application" func="main.start()" file="app.go:33"
time="2023-01-10T18:09:04+02:00" level=info msg="listen tcp port" func="main.start()" file="app.go:51"
time="2023-01-10T18:09:04+02:00" level=info msg="Server is listering port :" func="main.start()" file="app.go:53"
time="2023-01-10T18:09:50+02:00" level=info msg="Logger work" func="main.main()" file="app.go:21"
time="2023-01-10T18:09:50+02:00" level=info msg="Read application configuration" func="github.com/OlegKapat/Rest-api-mongo/internal/config.GetConfig.func1()" file="config.go:24"
time="2023-01-10T18:09:50+02:00" level=info func="github.com/OlegKapat/Rest-api-mongo/internal/config.GetConfig.func1()" file="config.go:28"
time="2023-01-10T18:09:50+02:00" level=info msg="config file parsing error: yaml: unmarshal errors:\n  line 5: cannot unmarshal !!str `type:po...` into struct { Type string \"yaml:\\\"type\\\" env-default:\\\"port\\\"\"; BindIP string \"yaml:\\\"bind_ip\\\" env-default:\\\"127.0.0.1\\\"\"; Port string \"yaml:\\\"port\\\" env-default:\\\"8080\\\"\" }" func="github.com/OlegKapat/Rest-api-mongo/internal/config.GetConfig.func1()" file="config.go:29"
time="2023-01-10T18:09:50+02:00" level=info msg="Register user handler" func="main.main()" file="app.go:25"
time="2023-01-10T18:09:50+02:00" level=info msg="Start application" func="main.start()" file="app.go:33"
time="2023-01-10T18:09:50+02:00" level=info msg="listen tcp port" func="main.start()" file="app.go:51"
time="2023-01-10T18:09:50+02:00" level=info msg="Server is listering port :" func="main.start()" file="app.go:53"
time="2023-01-10T18:52:41+02:00" level=info msg="Logger work" func="main.main()" file="app.go:21"
time="2023-01-10T18:52:41+02:00" level=info msg="Read application configuration" func="github.com/OlegKapat/Rest-api-mongo/internal/config.GetConfig.func1()" file="config.go:24"
time="2023-01-10T18:52:41+02:00" level=info func="github.com/OlegKapat/Rest-api-mongo/internal/config.GetConfig.func1()" file="config.go:28"
time="2023-01-10T18:52:41+02:00" level=info msg="config file parsing error: yaml: unmarshal errors:\n  line 5: cannot unmarshal !!str `type:po...` into struct { Type string \"yaml:\\\"type\\\" env-default:\\\"port\\\"\"; BindIP string \"yaml:\\\"bind_ip\\\" env-default:\\\"127.0.0.1\\\"\"; Port string \"yaml:\\\"port\\\" env-default:\\\"8080\\\"\" }" func="github.com/OlegKapat/Rest-api-mongo/internal/config.GetConfig.func1()" file="config.go:29"
time="2023-01-10T18:52:41+02:00" level=info msg="Register user handler" func="main.main()" file="app.go:25"
time="2023-01-10T18:52:41+02:00" level=info msg="Start application" func="main.start()" file="app.go:33"
time="2023-01-10T18:52:41+02:00" level=info msg="listen tcp port" func="main.start()" file="app.go:51"
time="2023-01-10T18:52:41+02:00" level=info msg="Server is listering port :" func="main.start()" file="app.go:53"
time="2023-01-10T18:53:21+02:00" level=info msg="Logger work" func="main.main()" file="app.go:21"
time="2023-01-10T18:53:21+02:00" level=info msg="Read application configuration" func="github.com/OlegKapat/Rest-api-mongo/internal/config.GetConfig.func1()" file="config.go:24"
time="2023-01-10T18:53:21+02:00" level=info func="github.com/OlegKapat/Rest-api-mongo/internal/config.GetConfig.func1()" file="config.go:28"
time="2023-01-10T18:53:21+02:00" level=fatal msg="config file parsing error: yaml: unmarshal errors:\n  line 5: cannot unmarshal !!str `type:po...` into struct { Type string \"yaml:\\\"type\\\" env-default:\\\"port\\\"\"; BindIP string \"yaml:\\\"bind_ip\\\" env-default:\\\"127.0.0.1\\\"\"; Port string \"yaml:\\\"port\\\" env-default:\\\"8080\\\"\" }" func="github.com/OlegKapat/Rest-api-mongo/internal/config.GetConfig.func1()" file="config.go:29"
time="2023-01-10T18:55:24+02:00" level=info msg="Logger work" func="main.main()" file="app.go:21"
time="2023-01-10T18:55:24+02:00" level=info msg="Read application configuration" func="github.com/OlegKapat/Rest-api-mongo/internal/config.GetConfig.func1()" file="config.go:24"
time="2023-01-10T18:55:24+02:00" level=info msg="Register user handler" func="main.main()" file="app.go:25"
time="2023-01-10T18:55:24+02:00" level=info msg="Start application" func="main.start()" file="app.go:33"
time="2023-01-10T18:55:24+02:00" level=info msg="listen tcp port" func="main.start()" file="app.go:51"
time="2023-01-10T18:55:24+02:00" level=info msg="Server is listering port 0.0.0.0:10000" func="main.start()" file="app.go:53"
